c:\users\tongjim\desktop\project2\project2\x64\debug\vc143.pdb
c:\users\tongjim\desktop\project2\project2\x64\debug\vc143.idb
c:\users\tongjim\desktop\project2\project2\x64\debug\sensor.obj
c:\users\tongjim\desktop\project2\project2\x64\debug\main.obj
c:\users\tongjim\desktop\project2\project2\x64\debug\light.obj
c:\users\tongjim\desktop\project2\project2\x64\debug\devicefactory.obj
c:\users\tongjim\desktop\project2\project2\x64\debug\device.obj
c:\users\tongjim\desktop\project2\project2\x64\debug\ac.obj
c:\users\tongjim\desktop\project2\project2\x64\debug\user.obj
c:\users\tongjim\desktop\project2\project2\x64\debug\smartlogger.obj
c:\users\tongjim\desktop\project2\x64\debug\project2.exe
c:\users\tongjim\desktop\project2\x64\debug\project2.pdb
c:\users\tongjim\desktop\project2\project2\x64\debug\project2.ilk
c:\users\tongjim\desktop\project2\project2\x64\debug\project2.tlog\cl.command.1.tlog
c:\users\tongjim\desktop\project2\project2\x64\debug\project2.tlog\cl.items.tlog
c:\users\tongjim\desktop\project2\project2\x64\debug\project2.tlog\cl.read.1.tlog
c:\users\tongjim\desktop\project2\project2\x64\debug\project2.tlog\cl.write.1.tlog
c:\users\tongjim\desktop\project2\project2\x64\debug\project2.tlog\link.command.1.tlog
c:\users\tongjim\desktop\project2\project2\x64\debug\project2.tlog\link.read.1.tlog
c:\users\tongjim\desktop\project2\project2\x64\debug\project2.tlog\link.secondary.1.tlog
c:\users\tongjim\desktop\project2\project2\x64\debug\project2.tlog\link.write.1.tlog
